<?xml version="1.0" encoding="UTF-8"?>
<testsuite xmlns:xsi="http://www.w3.org/2001/XMLSchema-instance" xsi:noNamespaceSchemaLocation="https://maven.apache.org/surefire/maven-surefire-plugin/xsd/surefire-test-report.xsd" name="com.qbwl.bkglpt01.Bkglpt01ApplicationTests" time="0.08" tests="3" errors="0" skipped="0" failures="0">
  <properties>
    <property name="sun.desktop" value="windows"/>
    <property name="awt.toolkit" value="sun.awt.windows.WToolkit"/>
    <property name="file.encoding.pkg" value="sun.io"/>
    <property name="java.specification.version" value="1.8"/>
    <property name="sun.cpu.isalist" value="amd64"/>
    <property name="sun.jnu.encoding" value="GBK"/>
    <property name="java.class.path" value="G:\IdeaProjects\bkglpt01\target\test-classes;G:\IdeaProjects\bkglpt01\target\classes;G:\MAVEN\repository\org\springframework\boot\spring-boot-starter-web\2.1.6.RELEASE\spring-boot-starter-web-2.1.6.RELEASE.jar;G:\MAVEN\repository\org\springframework\boot\spring-boot-starter\2.1.6.RELEASE\spring-boot-starter-2.1.6.RELEASE.jar;G:\MAVEN\repository\org\springframework\boot\spring-boot-starter-logging\2.1.6.RELEASE\spring-boot-starter-logging-2.1.6.RELEASE.jar;G:\MAVEN\repository\ch\qos\logback\logback-classic\1.2.3\logback-classic-1.2.3.jar;G:\MAVEN\repository\ch\qos\logback\logback-core\1.2.3\logback-core-1.2.3.jar;G:\MAVEN\repository\org\apache\logging\log4j\log4j-to-slf4j\2.11.2\log4j-to-slf4j-2.11.2.jar;G:\MAVEN\repository\org\apache\logging\log4j\log4j-api\2.11.2\log4j-api-2.11.2.jar;G:\MAVEN\repository\org\slf4j\jul-to-slf4j\1.7.26\jul-to-slf4j-1.7.26.jar;G:\MAVEN\repository\javax\annotation\javax.annotation-api\1.3.2\javax.annotation-api-1.3.2.jar;G:\MAVEN\repository\org\yaml\snakeyaml\1.23\snakeyaml-1.23.jar;G:\MAVEN\repository\org\springframework\boot\spring-boot-starter-json\2.1.6.RELEASE\spring-boot-starter-json-2.1.6.RELEASE.jar;G:\MAVEN\repository\com\fasterxml\jackson\datatype\jackson-datatype-jdk8\2.9.9\jackson-datatype-jdk8-2.9.9.jar;G:\MAVEN\repository\com\fasterxml\jackson\datatype\jackson-datatype-jsr310\2.9.9\jackson-datatype-jsr310-2.9.9.jar;G:\MAVEN\repository\com\fasterxml\jackson\module\jackson-module-parameter-names\2.9.9\jackson-module-parameter-names-2.9.9.jar;G:\MAVEN\repository\org\springframework\boot\spring-boot-starter-tomcat\2.1.6.RELEASE\spring-boot-starter-tomcat-2.1.6.RELEASE.jar;G:\MAVEN\repository\org\apache\tomcat\embed\tomcat-embed-core\9.0.21\tomcat-embed-core-9.0.21.jar;G:\MAVEN\repository\org\apache\tomcat\embed\tomcat-embed-el\9.0.21\tomcat-embed-el-9.0.21.jar;G:\MAVEN\repository\org\apache\tomcat\embed\tomcat-embed-websocket\9.0.21\tomcat-embed-websocket-9.0.21.jar;G:\MAVEN\repository\org\hibernate\validator\hibernate-validator\6.0.17.Final\hibernate-validator-6.0.17.Final.jar;G:\MAVEN\repository\javax\validation\validation-api\2.0.1.Final\validation-api-2.0.1.Final.jar;G:\MAVEN\repository\org\jboss\logging\jboss-logging\3.3.2.Final\jboss-logging-3.3.2.Final.jar;G:\MAVEN\repository\com\fasterxml\classmate\1.4.0\classmate-1.4.0.jar;G:\MAVEN\repository\org\springframework\spring-web\5.1.8.RELEASE\spring-web-5.1.8.RELEASE.jar;G:\MAVEN\repository\org\springframework\spring-beans\5.1.8.RELEASE\spring-beans-5.1.8.RELEASE.jar;G:\MAVEN\repository\org\springframework\spring-webmvc\5.1.8.RELEASE\spring-webmvc-5.1.8.RELEASE.jar;G:\MAVEN\repository\org\springframework\spring-aop\5.1.8.RELEASE\spring-aop-5.1.8.RELEASE.jar;G:\MAVEN\repository\org\springframework\spring-context\5.1.8.RELEASE\spring-context-5.1.8.RELEASE.jar;G:\MAVEN\repository\org\springframework\spring-expression\5.1.8.RELEASE\spring-expression-5.1.8.RELEASE.jar;G:\MAVEN\repository\org\mybatis\spring\boot\mybatis-spring-boot-starter\2.0.1\mybatis-spring-boot-starter-2.0.1.jar;G:\MAVEN\repository\org\springframework\boot\spring-boot-starter-jdbc\2.1.6.RELEASE\spring-boot-starter-jdbc-2.1.6.RELEASE.jar;G:\MAVEN\repository\com\zaxxer\HikariCP\3.2.0\HikariCP-3.2.0.jar;G:\MAVEN\repository\org\springframework\spring-jdbc\5.1.8.RELEASE\spring-jdbc-5.1.8.RELEASE.jar;G:\MAVEN\repository\org\springframework\spring-tx\5.1.8.RELEASE\spring-tx-5.1.8.RELEASE.jar;G:\MAVEN\repository\org\mybatis\spring\boot\mybatis-spring-boot-autoconfigure\2.0.1\mybatis-spring-boot-autoconfigure-2.0.1.jar;G:\MAVEN\repository\org\mybatis\mybatis\3.5.1\mybatis-3.5.1.jar;G:\MAVEN\repository\org\mybatis\mybatis-spring\2.0.1\mybatis-spring-2.0.1.jar;G:\MAVEN\repository\org\springframework\boot\spring-boot-starter-test\2.1.6.RELEASE\spring-boot-starter-test-2.1.6.RELEASE.jar;G:\MAVEN\repository\org\springframework\boot\spring-boot-test\2.1.6.RELEASE\spring-boot-test-2.1.6.RELEASE.jar;G:\MAVEN\repository\org\springframework\boot\spring-boot-test-autoconfigure\2.1.6.RELEASE\spring-boot-test-autoconfigure-2.1.6.RELEASE.jar;G:\MAVEN\repository\com\jayway\jsonpath\json-path\2.4.0\json-path-2.4.0.jar;G:\MAVEN\repository\net\minidev\json-smart\2.3\json-smart-2.3.jar;G:\MAVEN\repository\net\minidev\accessors-smart\1.2\accessors-smart-1.2.jar;G:\MAVEN\repository\org\ow2\asm\asm\5.0.4\asm-5.0.4.jar;G:\MAVEN\repository\org\slf4j\slf4j-api\1.7.26\slf4j-api-1.7.26.jar;G:\MAVEN\repository\junit\junit\4.12\junit-4.12.jar;G:\MAVEN\repository\org\assertj\assertj-core\3.11.1\assertj-core-3.11.1.jar;G:\MAVEN\repository\org\mockito\mockito-core\2.23.4\mockito-core-2.23.4.jar;G:\MAVEN\repository\net\bytebuddy\byte-buddy\1.9.13\byte-buddy-1.9.13.jar;G:\MAVEN\repository\net\bytebuddy\byte-buddy-agent\1.9.13\byte-buddy-agent-1.9.13.jar;G:\MAVEN\repository\org\objenesis\objenesis\2.6\objenesis-2.6.jar;G:\MAVEN\repository\org\hamcrest\hamcrest-core\1.3\hamcrest-core-1.3.jar;G:\MAVEN\repository\org\hamcrest\hamcrest-library\1.3\hamcrest-library-1.3.jar;G:\MAVEN\repository\org\skyscreamer\jsonassert\1.5.0\jsonassert-1.5.0.jar;G:\MAVEN\repository\com\vaadin\external\google\android-json\0.0.20131108.vaadin1\android-json-0.0.20131108.vaadin1.jar;G:\MAVEN\repository\org\springframework\spring-core\5.1.8.RELEASE\spring-core-5.1.8.RELEASE.jar;G:\MAVEN\repository\org\springframework\spring-jcl\5.1.8.RELEASE\spring-jcl-5.1.8.RELEASE.jar;G:\MAVEN\repository\org\springframework\spring-test\5.1.8.RELEASE\spring-test-5.1.8.RELEASE.jar;G:\MAVEN\repository\org\xmlunit\xmlunit-core\2.6.2\xmlunit-core-2.6.2.jar;G:\MAVEN\repository\org\projectlombok\lombok\1.18.8\lombok-1.18.8.jar;G:\MAVEN\repository\mysql\mysql-connector-java\8.0.16\mysql-connector-java-8.0.16.jar;G:\MAVEN\repository\com\microsoft\sqlserver\mssql-jdbc\6.4.0.jre8\mssql-jdbc-6.4.0.jre8.jar;G:\MAVEN\repository\com\oracle\ojdbc6\11.2.0.3\ojdbc6-11.2.0.3.jar;G:\MAVEN\repository\com\alibaba\fastjson\1.2.15\fastjson-1.2.15.jar;G:\MAVEN\repository\org\springframework\boot\spring-boot-devtools\2.1.6.RELEASE\spring-boot-devtools-2.1.6.RELEASE.jar;G:\MAVEN\repository\org\springframework\boot\spring-boot\2.1.6.RELEASE\spring-boot-2.1.6.RELEASE.jar;G:\MAVEN\repository\org\springframework\boot\spring-boot-autoconfigure\2.1.6.RELEASE\spring-boot-autoconfigure-2.1.6.RELEASE.jar;G:\MAVEN\repository\com\github\pagehelper\pagehelper-spring-boot-starter\1.2.5\pagehelper-spring-boot-starter-1.2.5.jar;G:\MAVEN\repository\com\github\pagehelper\pagehelper-spring-boot-autoconfigure\1.2.5\pagehelper-spring-boot-autoconfigure-1.2.5.jar;G:\MAVEN\repository\com\github\pagehelper\pagehelper\5.1.4\pagehelper-5.1.4.jar;G:\MAVEN\repository\com\github\jsqlparser\jsqlparser\1.0\jsqlparser-1.0.jar;G:\MAVEN\repository\org\apache\commons\commons-lang3\3.4\commons-lang3-3.4.jar;G:\MAVEN\repository\io\jsonwebtoken\jjwt\0.9.0\jjwt-0.9.0.jar;G:\MAVEN\repository\com\fasterxml\jackson\core\jackson-databind\2.9.9\jackson-databind-2.9.9.jar;G:\MAVEN\repository\com\fasterxml\jackson\core\jackson-annotations\2.9.0\jackson-annotations-2.9.0.jar;G:\MAVEN\repository\com\fasterxml\jackson\core\jackson-core\2.9.9\jackson-core-2.9.9.jar;G:\MAVEN\repository\commons-fileupload\commons-fileupload\1.3.1\commons-fileupload-1.3.1.jar;G:\MAVEN\repository\commons-io\commons-io\2.4\commons-io-2.4.jar;G:\MAVEN\repository\commons-net\commons-net\3.3\commons-net-3.3.jar;"/>
    <property name="java.vm.vendor" value="Oracle Corporation"/>
    <property name="sun.arch.data.model" value="64"/>
    <property name="user.variant" value=""/>
    <property name="java.vendor.url" value="http://java.oracle.com/"/>
    <property name="user.timezone" value="Asia/Shanghai"/>
    <property name="java.vm.specification.version" value="1.8"/>
    <property name="os.name" value="Windows 10"/>
    <property name="user.country" value="CN"/>
    <property name="sun.java.launcher" value="SUN_STANDARD"/>
    <property name="sun.boot.library.path" value="G:\Java\jdk1.8.0_191\jre\bin"/>
    <property name="sun.java.command" value="C:\Users\ADMINI~1\AppData\Local\Temp\surefire4926959947062337830\surefirebooter3846186367901407088.jar C:\Users\Administrator\AppData\Local\Temp\surefire4926959947062337830 2019-07-31T10-15-15_311-jvmRun1 surefire6721703012344727237tmp surefire_08570530728324037045tmp"/>
    <property name="surefire.test.class.path" value="G:\IdeaProjects\bkglpt01\target\test-classes;G:\IdeaProjects\bkglpt01\target\classes;G:\MAVEN\repository\org\springframework\boot\spring-boot-starter-web\2.1.6.RELEASE\spring-boot-starter-web-2.1.6.RELEASE.jar;G:\MAVEN\repository\org\springframework\boot\spring-boot-starter\2.1.6.RELEASE\spring-boot-starter-2.1.6.RELEASE.jar;G:\MAVEN\repository\org\springframework\boot\spring-boot-starter-logging\2.1.6.RELEASE\spring-boot-starter-logging-2.1.6.RELEASE.jar;G:\MAVEN\repository\ch\qos\logback\logback-classic\1.2.3\logback-classic-1.2.3.jar;G:\MAVEN\repository\ch\qos\logback\logback-core\1.2.3\logback-core-1.2.3.jar;G:\MAVEN\repository\org\apache\logging\log4j\log4j-to-slf4j\2.11.2\log4j-to-slf4j-2.11.2.jar;G:\MAVEN\repository\org\apache\logging\log4j\log4j-api\2.11.2\log4j-api-2.11.2.jar;G:\MAVEN\repository\org\slf4j\jul-to-slf4j\1.7.26\jul-to-slf4j-1.7.26.jar;G:\MAVEN\repository\javax\annotation\javax.annotation-api\1.3.2\javax.annotation-api-1.3.2.jar;G:\MAVEN\repository\org\yaml\snakeyaml\1.23\snakeyaml-1.23.jar;G:\MAVEN\repository\org\springframework\boot\spring-boot-starter-json\2.1.6.RELEASE\spring-boot-starter-json-2.1.6.RELEASE.jar;G:\MAVEN\repository\com\fasterxml\jackson\datatype\jackson-datatype-jdk8\2.9.9\jackson-datatype-jdk8-2.9.9.jar;G:\MAVEN\repository\com\fasterxml\jackson\datatype\jackson-datatype-jsr310\2.9.9\jackson-datatype-jsr310-2.9.9.jar;G:\MAVEN\repository\com\fasterxml\jackson\module\jackson-module-parameter-names\2.9.9\jackson-module-parameter-names-2.9.9.jar;G:\MAVEN\repository\org\springframework\boot\spring-boot-starter-tomcat\2.1.6.RELEASE\spring-boot-starter-tomcat-2.1.6.RELEASE.jar;G:\MAVEN\repository\org\apache\tomcat\embed\tomcat-embed-core\9.0.21\tomcat-embed-core-9.0.21.jar;G:\MAVEN\repository\org\apache\tomcat\embed\tomcat-embed-el\9.0.21\tomcat-embed-el-9.0.21.jar;G:\MAVEN\repository\org\apache\tomcat\embed\tomcat-embed-websocket\9.0.21\tomcat-embed-websocket-9.0.21.jar;G:\MAVEN\repository\org\hibernate\validator\hibernate-validator\6.0.17.Final\hibernate-validator-6.0.17.Final.jar;G:\MAVEN\repository\javax\validation\validation-api\2.0.1.Final\validation-api-2.0.1.Final.jar;G:\MAVEN\repository\org\jboss\logging\jboss-logging\3.3.2.Final\jboss-logging-3.3.2.Final.jar;G:\MAVEN\repository\com\fasterxml\classmate\1.4.0\classmate-1.4.0.jar;G:\MAVEN\repository\org\springframework\spring-web\5.1.8.RELEASE\spring-web-5.1.8.RELEASE.jar;G:\MAVEN\repository\org\springframework\spring-beans\5.1.8.RELEASE\spring-beans-5.1.8.RELEASE.jar;G:\MAVEN\repository\org\springframework\spring-webmvc\5.1.8.RELEASE\spring-webmvc-5.1.8.RELEASE.jar;G:\MAVEN\repository\org\springframework\spring-aop\5.1.8.RELEASE\spring-aop-5.1.8.RELEASE.jar;G:\MAVEN\repository\org\springframework\spring-context\5.1.8.RELEASE\spring-context-5.1.8.RELEASE.jar;G:\MAVEN\repository\org\springframework\spring-expression\5.1.8.RELEASE\spring-expression-5.1.8.RELEASE.jar;G:\MAVEN\repository\org\mybatis\spring\boot\mybatis-spring-boot-starter\2.0.1\mybatis-spring-boot-starter-2.0.1.jar;G:\MAVEN\repository\org\springframework\boot\spring-boot-starter-jdbc\2.1.6.RELEASE\spring-boot-starter-jdbc-2.1.6.RELEASE.jar;G:\MAVEN\repository\com\zaxxer\HikariCP\3.2.0\HikariCP-3.2.0.jar;G:\MAVEN\repository\org\springframework\spring-jdbc\5.1.8.RELEASE\spring-jdbc-5.1.8.RELEASE.jar;G:\MAVEN\repository\org\springframework\spring-tx\5.1.8.RELEASE\spring-tx-5.1.8.RELEASE.jar;G:\MAVEN\repository\org\mybatis\spring\boot\mybatis-spring-boot-autoconfigure\2.0.1\mybatis-spring-boot-autoconfigure-2.0.1.jar;G:\MAVEN\repository\org\mybatis\mybatis\3.5.1\mybatis-3.5.1.jar;G:\MAVEN\repository\org\mybatis\mybatis-spring\2.0.1\mybatis-spring-2.0.1.jar;G:\MAVEN\repository\org\springframework\boot\spring-boot-starter-test\2.1.6.RELEASE\spring-boot-starter-test-2.1.6.RELEASE.jar;G:\MAVEN\repository\org\springframework\boot\spring-boot-test\2.1.6.RELEASE\spring-boot-test-2.1.6.RELEASE.jar;G:\MAVEN\repository\org\springframework\boot\spring-boot-test-autoconfigure\2.1.6.RELEASE\spring-boot-test-autoconfigure-2.1.6.RELEASE.jar;G:\MAVEN\repository\com\jayway\jsonpath\json-path\2.4.0\json-path-2.4.0.jar;G:\MAVEN\repository\net\minidev\json-smart\2.3\json-smart-2.3.jar;G:\MAVEN\repository\net\minidev\accessors-smart\1.2\accessors-smart-1.2.jar;G:\MAVEN\repository\org\ow2\asm\asm\5.0.4\asm-5.0.4.jar;G:\MAVEN\repository\org\slf4j\slf4j-api\1.7.26\slf4j-api-1.7.26.jar;G:\MAVEN\repository\junit\junit\4.12\junit-4.12.jar;G:\MAVEN\repository\org\assertj\assertj-core\3.11.1\assertj-core-3.11.1.jar;G:\MAVEN\repository\org\mockito\mockito-core\2.23.4\mockito-core-2.23.4.jar;G:\MAVEN\repository\net\bytebuddy\byte-buddy\1.9.13\byte-buddy-1.9.13.jar;G:\MAVEN\repository\net\bytebuddy\byte-buddy-agent\1.9.13\byte-buddy-agent-1.9.13.jar;G:\MAVEN\repository\org\objenesis\objenesis\2.6\objenesis-2.6.jar;G:\MAVEN\repository\org\hamcrest\hamcrest-core\1.3\hamcrest-core-1.3.jar;G:\MAVEN\repository\org\hamcrest\hamcrest-library\1.3\hamcrest-library-1.3.jar;G:\MAVEN\repository\org\skyscreamer\jsonassert\1.5.0\jsonassert-1.5.0.jar;G:\MAVEN\repository\com\vaadin\external\google\android-json\0.0.20131108.vaadin1\android-json-0.0.20131108.vaadin1.jar;G:\MAVEN\repository\org\springframework\spring-core\5.1.8.RELEASE\spring-core-5.1.8.RELEASE.jar;G:\MAVEN\repository\org\springframework\spring-jcl\5.1.8.RELEASE\spring-jcl-5.1.8.RELEASE.jar;G:\MAVEN\repository\org\springframework\spring-test\5.1.8.RELEASE\spring-test-5.1.8.RELEASE.jar;G:\MAVEN\repository\org\xmlunit\xmlunit-core\2.6.2\xmlunit-core-2.6.2.jar;G:\MAVEN\repository\org\projectlombok\lombok\1.18.8\lombok-1.18.8.jar;G:\MAVEN\repository\mysql\mysql-connector-java\8.0.16\mysql-connector-java-8.0.16.jar;G:\MAVEN\repository\com\microsoft\sqlserver\mssql-jdbc\6.4.0.jre8\mssql-jdbc-6.4.0.jre8.jar;G:\MAVEN\repository\com\oracle\ojdbc6\11.2.0.3\ojdbc6-11.2.0.3.jar;G:\MAVEN\repository\com\alibaba\fastjson\1.2.15\fastjson-1.2.15.jar;G:\MAVEN\repository\org\springframework\boot\spring-boot-devtools\2.1.6.RELEASE\spring-boot-devtools-2.1.6.RELEASE.jar;G:\MAVEN\repository\org\springframework\boot\spring-boot\2.1.6.RELEASE\spring-boot-2.1.6.RELEASE.jar;G:\MAVEN\repository\org\springframework\boot\spring-boot-autoconfigure\2.1.6.RELEASE\spring-boot-autoconfigure-2.1.6.RELEASE.jar;G:\MAVEN\repository\com\github\pagehelper\pagehelper-spring-boot-starter\1.2.5\pagehelper-spring-boot-starter-1.2.5.jar;G:\MAVEN\repository\com\github\pagehelper\pagehelper-spring-boot-autoconfigure\1.2.5\pagehelper-spring-boot-autoconfigure-1.2.5.jar;G:\MAVEN\repository\com\github\pagehelper\pagehelper\5.1.4\pagehelper-5.1.4.jar;G:\MAVEN\repository\com\github\jsqlparser\jsqlparser\1.0\jsqlparser-1.0.jar;G:\MAVEN\repository\org\apache\commons\commons-lang3\3.4\commons-lang3-3.4.jar;G:\MAVEN\repository\io\jsonwebtoken\jjwt\0.9.0\jjwt-0.9.0.jar;G:\MAVEN\repository\com\fasterxml\jackson\core\jackson-databind\2.9.9\jackson-databind-2.9.9.jar;G:\MAVEN\repository\com\fasterxml\jackson\core\jackson-annotations\2.9.0\jackson-annotations-2.9.0.jar;G:\MAVEN\repository\com\fasterxml\jackson\core\jackson-core\2.9.9\jackson-core-2.9.9.jar;G:\MAVEN\repository\commons-fileupload\commons-fileupload\1.3.1\commons-fileupload-1.3.1.jar;G:\MAVEN\repository\commons-io\commons-io\2.4\commons-io-2.4.jar;G:\MAVEN\repository\commons-net\commons-net\3.3\commons-net-3.3.jar;"/>
    <property name="sun.cpu.endian" value="little"/>
    <property name="user.home" value="C:\Users\Administrator"/>
    <property name="user.language" value="zh"/>
    <property name="java.specification.vendor" value="Oracle Corporation"/>
    <property name="java.home" value="G:\Java\jdk1.8.0_191\jre"/>
    <property name="basedir" value="G:\IdeaProjects\bkglpt01"/>
    <property name="file.separator" value="\"/>
    <property name="line.separator" value="&#10;"/>
    <property name="java.vm.specification.vendor" value="Oracle Corporation"/>
    <property name="java.specification.name" value="Java Platform API Specification"/>
    <property name="java.awt.graphicsenv" value="sun.awt.Win32GraphicsEnvironment"/>
    <property name="surefire.real.class.path" value="C:\Users\ADMINI~1\AppData\Local\Temp\surefire4926959947062337830\surefirebooter3846186367901407088.jar"/>
    <property name="sun.boot.class.path" value="G:\Java\jdk1.8.0_191\jre\lib\resources.jar;G:\Java\jdk1.8.0_191\jre\lib\rt.jar;G:\Java\jdk1.8.0_191\jre\lib\sunrsasign.jar;G:\Java\jdk1.8.0_191\jre\lib\jsse.jar;G:\Java\jdk1.8.0_191\jre\lib\jce.jar;G:\Java\jdk1.8.0_191\jre\lib\charsets.jar;G:\Java\jdk1.8.0_191\jre\lib\jfr.jar;G:\Java\jdk1.8.0_191\jre\classes"/>
    <property name="user.script" value=""/>
    <property name="sun.management.compiler" value="HotSpot 64-Bit Tiered Compilers"/>
    <property name="java.runtime.version" value="1.8.0_191-b12"/>
    <property name="user.name" value="Administrator"/>
    <property name="path.separator" value=";"/>
    <property name="os.version" value="10.0"/>
    <property name="java.endorsed.dirs" value="G:\Java\jdk1.8.0_191\jre\lib\endorsed"/>
    <property name="java.runtime.name" value="Java(TM) SE Runtime Environment"/>
    <property name="file.encoding" value="GBK"/>
    <property name="java.vm.name" value="Java HotSpot(TM) 64-Bit Server VM"/>
    <property name="localRepository" value="G:\MAVEN\repository"/>
    <property name="java.vendor.url.bug" value="http://bugreport.sun.com/bugreport/"/>
    <property name="java.io.tmpdir" value="C:\Users\ADMINI~1\AppData\Local\Temp\"/>
    <property name="idea.version" value="2018.2.5"/>
    <property name="java.version" value="1.8.0_191"/>
    <property name="user.dir" value="G:\IdeaProjects\bkglpt01"/>
    <property name="os.arch" value="amd64"/>
    <property name="java.vm.specification.name" value="Java Virtual Machine Specification"/>
    <property name="java.awt.printerjob" value="sun.awt.windows.WPrinterJob"/>
    <property name="sun.os.patch.level" value=""/>
    <property name="java.library.path" value="G:\Java\jdk1.8.0_191\jre\bin;C:\WINDOWS\Sun\Java\bin;C:\WINDOWS\system32;C:\WINDOWS;D:\ftp\;G:\Oracle\Administrator\product\12.2.0\dbhome_1\bin;C:\Program Files (x86)\Common Files\Oracle\Java\javapath;C:\WINDOWS\System32\WindowsPowerShell\v1.0\;C:\WINDOWS\System32\OpenSSH\;C:\Program Files (x86)\Common Files\;C:\WINDOWS\System32\Wbem;C:\WINDOWS\system32;C:\WINDOWS;G:\Redis\;G:\Python;G:\Java\jdk1.8.0_191\bin;G:\scala-2.11.8\bin;G:\spark-2.2.0-bin-hadoop2.7\bin;G:\mysql-8.0.13-winx64\bin;G:\apache-maven-3.5.4\bin;G:\hadoop-2.8.1\bin;G:\Svn\bin;D:\Program Files\Calibre\;G:\python\Scripts\;G:\python\;C:\Users\Administrator\AppData\Local\Microsoft\WindowsApps;G:\mysql-8.0.13-winx64\bin;;G:\Visual\Microsoft VS Code\bin;."/>
    <property name="java.vm.info" value="mixed mode"/>
    <property name="java.vendor" value="Oracle Corporation"/>
    <property name="java.vm.version" value="25.191-b12"/>
    <property name="java.ext.dirs" value="G:\Java\jdk1.8.0_191\jre\lib\ext;C:\WINDOWS\Sun\Java\lib\ext"/>
    <property name="sun.io.unicode.encoding" value="UnicodeLittle"/>
    <property name="java.class.version" value="52.0"/>
  </properties>
  <testcase name="contextLoads01" classname="com.qbwl.bkglpt01.Bkglpt01ApplicationTests" time="0.075"/>
  <testcase name="test" classname="com.qbwl.bkglpt01.Bkglpt01ApplicationTests" time="0.002"/>
  <testcase name="contextLoads" classname="com.qbwl.bkglpt01.Bkglpt01ApplicationTests" time="0.002"/>
</testsuite>